#
# There is insufficient memory for the Java Runtime Environment to continue.
# Native memory allocation (malloc) failed to allocate 73400320 bytes for committing reserved memory.
# Possible reasons:
#   The system is out of physical RAM or swap space
#   In 32 bit mode, the process size limit was hit
# Possible solutions:
#   Reduce memory load on the system
#   Increase physical memory or swap space
#   Check if swap backing store is full
#   Use 64 bit Java on a 64 bit OS
#   Decrease Java heap size (-Xmx/-Xms)
#   Decrease number of Java threads
#   Decrease Java thread stack sizes (-Xss)
#   Set larger code cache with -XX:ReservedCodeCacheSize=
# This output file may be truncated or incomplete.
#
#  Out of Memory Error (os_linux.cpp:2747), pid=10707, tid=140170769594112
#
# JRE version: Java(TM) SE Runtime Environment (7.0_60-b19) (build 1.7.0_60-b19)
# Java VM: Java HotSpot(TM) 64-Bit Server VM (24.60-b09 mixed mode linux-amd64 compressed oops)
# Failed to write core dump. Core dumps have been disabled. To enable core dumping, try "ulimit -c unlimited" before starting Java again
#

---------------  T H R E A D  ---------------

Current thread (0x00007f7c080ec000):  VMThread [stack: 0x00007f7c0cddf000,0x00007f7c0cee0000] [id=10718]

Stack: [0x00007f7c0cddf000,0x00007f7c0cee0000],  sp=0x00007f7c0cede2c0,  free space=1020k
Native frames: (J=compiled Java code, j=interpreted, Vv=VM code, C=native code)
V  [libjvm.so+0x99e7ca]  VMError::report_and_die()+0x2ea
V  [libjvm.so+0x496fbb]  report_vm_out_of_memory(char const*, int, unsigned long, char const*)+0x9b
V  [libjvm.so+0x81d81e]  os::Linux::commit_memory_impl(char*, unsigned long, bool)+0xfe
V  [libjvm.so+0x81dd69]  os::pd_commit_memory(char*, unsigned long, unsigned long, bool)+0x29
V  [libjvm.so+0x817b0a]  os::commit_memory(char*, unsigned long, unsigned long, bool)+0x2a
V  [libjvm.so+0x88a613]  PSVirtualSpace::expand_by(unsigned long)+0x53
V  [libjvm.so+0x88b9e8]  PSYoungGen::resize_generation(unsigned long, unsigned long)+0xf8
V  [libjvm.so+0x88ab52]  PSYoungGen::resize(unsigned long, unsigned long)+0x22
V  [libjvm.so+0x887fa3]  PSScavenge::invoke_no_policy()+0xfb3
V  [libjvm.so+0x888751]  PSScavenge::invoke()+0x41
V  [libjvm.so+0x83f370]  ParallelScavengeHeap::failed_mem_allocate(unsigned long)+0x70
V  [libjvm.so+0x9a0067]  VM_ParallelGCFailedAllocation::doit()+0x97
V  [libjvm.so+0x9a7505]  VM_Operation::evaluate()+0x55
V  [libjvm.so+0x9a58ca]  VMThread::evaluate_operation(VM_Operation*)+0xba
V  [libjvm.so+0x9a5c4e]  VMThread::loop()+0x1ce
V  [libjvm.so+0x9a60c0]  VMThread::run()+0x70
V  [libjvm.so+0x81f7f8]  java_start(Thread*)+0x108

VM_Operation (0x00007f7c110a6cf0): ParallelGCFailedAllocation, mode: safepoint, requested by thread 0x00007f7c0800a000


---------------  P R O C E S S  ---------------

Java Threads: ( => current thread )
  0x00007f7c0811a000 JavaThread "Service Thread" daemon [_thread_blocked, id=10724, stack(0x00007f7c0296c000,0x00007f7c02a6d000)]
  0x00007f7c08117800 JavaThread "C2 CompilerThread1" daemon [_thread_blocked, id=10723, stack(0x00007f7c02a6d000,0x00007f7c02b6e000)]
  0x00007f7c08115000 JavaThread "C2 CompilerThread0" daemon [_thread_blocked, id=10722, stack(0x00007f7c02b6e000,0x00007f7c02c6f000)]
  0x00007f7c08113000 JavaThread "Signal Dispatcher" daemon [_thread_blocked, id=10721, stack(0x00007f7c02c6f000,0x00007f7c02d70000)]
  0x00007f7c080f2800 JavaThread "Finalizer" daemon [_thread_blocked, id=10720, stack(0x00007f7c0cbdd000,0x00007f7c0ccde000)]
  0x00007f7c080f0800 JavaThread "Reference Handler" daemon [_thread_blocked, id=10719, stack(0x00007f7c0ccde000,0x00007f7c0cddf000)]
  0x00007f7c0800a000 JavaThread "main" [_thread_blocked, id=10715, stack(0x00007f7c10fa8000,0x00007f7c110a9000)]

Other Threads:
=>0x00007f7c080ec000 VMThread [stack: 0x00007f7c0cddf000,0x00007f7c0cee0000] [id=10718]
  0x00007f7c08124800 WatcherThread [stack: 0x00007f7c0286b000,0x00007f7c0296c000] [id=10725]

VM state:at safepoint (normal execution)

VM Mutex/Monitor currently owned by a thread:  ([mutex/lock_event])
[0x00007f7c08006250] Threads_lock - owner thread: 0x00007f7c080ec000
[0x00007f7c08006750] Heap_lock - owner thread: 0x00007f7c0800a000

Heap
 PSYoungGen      total 70144K, used 8169K [0x00000000eaa80000, 0x00000000ef880000, 0x0000000100000000)
  eden space 61952K, 0% used [0x00000000eaa80000,0x00000000eaa80000,0x00000000ee700000)
  from space 8192K, 99% used [0x00000000ee700000,0x00000000eeefa618,0x00000000eef00000)
  to   space 6656K, 0% used [0x00000000eef00000,0x00000000eef00000,0x00000000ef580000)
 ParOldGen       total 39424K, used 26382K [0x00000000c0000000, 0x00000000c2680000, 0x00000000eaa80000)
  object space 39424K, 66% used [0x00000000c0000000,0x00000000c19c3a60,0x00000000c2680000)
 PSPermGen       total 21504K, used 5453K [0x00000000bae00000, 0x00000000bc300000, 0x00000000c0000000)
  object space 21504K, 25% used [0x00000000bae00000,0x00000000bb353760,0x00000000bc300000)

Card table byte_map: [0x00007f7c0e06e000,0x00007f7c0e298000] byte_map_base: 0x00007f7c0da97000

Polling page: 0x00007f7c110c8000

Code Cache  [0x00007f7c05000000, 0x00007f7c05270000, 0x00007f7c08000000)
 total_blobs=777 nmethods=552 adapters=179 free_code_cache=47014Kb largest_free_block=48098240

Compilation events (10 events):
Event: 14,440 Thread 0x00007f7c08115000 nmethod 558 0x00007f7c050d4b50 code [0x00007f7c050d4d20, 0x00007f7c050d5190]
Event: 14,441 Thread 0x00007f7c08115000  559             com.android.dx.ssa.Optimizer::getPreserveLocals (4 bytes)
Event: 14,441 Thread 0x00007f7c08115000 nmethod 559 0x00007f7c05207090 code [0x00007f7c052071c0, 0x00007f7c05207218]
Event: 14,441 Thread 0x00007f7c08115000  560             com.android.dx.rop.type.Prototype::withFirstParameter (68 bytes)
Event: 14,572 Thread 0x00007f7c08115000 nmethod 560 0x00007f7c05217090 code [0x00007f7c05217280, 0x00007f7c05218488]
Event: 14,572 Thread 0x00007f7c08115000  561             com.android.dx.rop.type.Type::isCategory2 (36 bytes)
Event: 14,572 Thread 0x00007f7c08115000 nmethod 561 0x00007f7c05215010 code [0x00007f7c05215140, 0x00007f7c052151b8]
Event: 14,573 Thread 0x00007f7c08115000  562             com.android.dx.ssa.SCCP::simulatePhi (169 bytes)
Event: 14,621 Thread 0x00007f7c08115000 nmethod 562 0x00007f7c050d3210 code [0x00007f7c050d3400, 0x00007f7c050d3ed8]
Event: 14,621 Thread 0x00007f7c08115000  563   !         com.android.dx.rop.type.Prototype::intern (233 bytes)

GC Heap History (10 events):
Event: 5,042 GC heap after
Heap after GC invocations=2 (full 0):
 PSYoungGen      total 17920K, used 2037K [0x00000000eaa80000, 0x00000000ecd80000, 0x0000000100000000)
  eden space 15872K, 0% used [0x00000000eaa80000,0x00000000eaa80000,0x00000000eba00000)
  from space 2048K, 99% used [0x00000000ebc00000,0x00000000ebdfd758,0x00000000ebe00000)
  to   space 2048K, 0% used [0x00000000eba00000,0x00000000eba00000,0x00000000ebc00000)
 ParOldGen       total 39424K, used 5061K [0x00000000c0000000, 0x00000000c2680000, 0x00000000eaa80000)
  object space 39424K, 12% used [0x00000000c0000000,0x00000000c04f15e8,0x00000000c2680000)
 PSPermGen       total 21504K, used 5309K [0x00000000bae00000, 0x00000000bc300000, 0x00000000c0000000)
  object space 21504K, 24% used [0x00000000bae00000,0x00000000bb32f790,0x00000000bc300000)
}
Event: 6,618 GC heap before
{Heap before GC invocations=3 (full 0):
 PSYoungGen      total 17920K, used 17909K [0x00000000eaa80000, 0x00000000ecd80000, 0x0000000100000000)
  eden space 15872K, 100% used [0x00000000eaa80000,0x00000000eba00000,0x00000000eba00000)
  from space 2048K, 99% used [0x00000000ebc00000,0x00000000ebdfd758,0x00000000ebe00000)
  to   space 2048K, 0% used [0x00000000eba00000,0x00000000eba00000,0x00000000ebc00000)
 ParOldGen       total 39424K, used 5061K [0x00000000c0000000, 0x00000000c2680000, 0x00000000eaa80000)
  object space 39424K, 12% used [0x00000000c0000000,0x00000000c04f15e8,0x00000000c2680000)
 PSPermGen       total 21504K, used 5345K [0x00000000bae00000, 0x00000000bc300000, 0x00000000c0000000)
  object space 21504K, 24% used [0x00000000bae00000,0x00000000bb338528,0x00000000bc300000)
Event: 6,677 GC heap after
Heap after GC invocations=3 (full 0):
 PSYoungGen      total 17920K, used 2016K [0x00000000eaa80000, 0x00000000ecd80000, 0x0000000100000000)
  eden space 15872K, 0% used [0x00000000eaa80000,0x00000000eaa80000,0x00000000eba00000)
  from space 2048K, 98% used [0x00000000eba00000,0x00000000ebbf8018,0x00000000ebc00000)
  to   space 2048K, 0% used [0x00000000ecb80000,0x00000000ecb80000,0x00000000ecd80000)
 ParOldGen       total 39424K, used 7827K [0x00000000c0000000, 0x00000000c2680000, 0x00000000eaa80000)
  object space 39424K, 19% used [0x00000000c0000000,0x00000000c07a4d10,0x00000000c2680000)
 PSPermGen       total 21504K, used 5345K [0x00000000bae00000, 0x00000000bc300000, 0x00000000c0000000)
  object space 21504K, 24% used [0x00000000bae00000,0x00000000bb338528,0x00000000bc300000)
}
Event: 8,127 GC heap before
{Heap before GC invocations=4 (full 0):
 PSYoungGen      total 17920K, used 17888K [0x00000000eaa80000, 0x00000000ecd80000, 0x0000000100000000)
  eden space 15872K, 100% used [0x00000000eaa80000,0x00000000eba00000,0x00000000eba00000)
  from space 2048K, 98% used [0x00000000eba00000,0x00000000ebbf8018,0x00000000ebc00000)
  to   space 2048K, 0% used [0x00000000ecb80000,0x00000000ecb80000,0x00000000ecd80000)
 ParOldGen       total 39424K, used 7827K [0x00000000c0000000, 0x00000000c2680000, 0x00000000eaa80000)
  object space 39424K, 19% used [0x00000000c0000000,0x00000000c07a4d10,0x00000000c2680000)
 PSPermGen       total 21504K, used 5378K [0x00000000bae00000, 0x00000000bc300000, 0x00000000c0000000)
  object space 21504K, 25% used [0x00000000bae00000,0x00000000bb340950,0x00000000bc300000)
Event: 8,177 GC heap after
Heap after GC invocations=4 (full 0):
 PSYoungGen      total 33792K, used 2028K [0x00000000eaa80000, 0x00000000ecd80000, 0x0000000100000000)
  eden space 31744K, 0% used [0x00000000eaa80000,0x00000000eaa80000,0x00000000ec980000)
  from space 2048K, 99% used [0x00000000ecb80000,0x00000000ecd7b2f8,0x00000000ecd80000)
  to   space 2048K, 0% used [0x00000000ec980000,0x00000000ec980000,0x00000000ecb80000)
 ParOldGen       total 39424K, used 10703K [0x00000000c0000000, 0x00000000c2680000, 0x00000000eaa80000)
  object space 39424K, 27% used [0x00000000c0000000,0x00000000c0a73c90,0x00000000c2680000)
 PSPermGen       total 21504K, used 5378K [0x00000000bae00000, 0x00000000bc300000, 0x00000000c0000000)
  object space 21504K, 25% used [0x00000000bae00000,0x00000000bb340950,0x00000000bc300000)
}
Event: 9,938 GC heap before
{Heap before GC invocations=5 (full 0):
 PSYoungGen      total 33792K, used 33772K [0x00000000eaa80000, 0x00000000ecd80000, 0x0000000100000000)
  eden space 31744K, 100% used [0x00000000eaa80000,0x00000000ec980000,0x00000000ec980000)
  from space 2048K, 99% used [0x00000000ecb80000,0x00000000ecd7b2f8,0x00000000ecd80000)
  to   space 2048K, 0% used [0x00000000ec980000,0x00000000ec980000,0x00000000ecb80000)
 ParOldGen       total 39424K, used 10703K [0x00000000c0000000, 0x00000000c2680000, 0x00000000eaa80000)
  object space 39424K, 27% used [0x00000000c0000000,0x00000000c0a73c90,0x00000000c2680000)
 PSPermGen       total 21504K, used 5399K [0x00000000bae00000, 0x00000000bc300000, 0x00000000c0000000)
  object space 21504K, 25% used [0x00000000bae00000,0x00000000bb345f18,0x00000000bc300000)
Event: 9,980 GC heap after
Heap after GC invocations=5 (full 0):
 PSYoungGen      total 33792K, used 2040K [0x00000000eaa80000, 0x00000000ef580000, 0x0000000100000000)
  eden space 31744K, 0% used [0x00000000eaa80000,0x00000000eaa80000,0x00000000ec980000)
  from space 2048K, 99% used [0x00000000ec980000,0x00000000ecb7e178,0x00000000ecb80000)
  to   space 6656K, 0% used [0x00000000eef00000,0x00000000eef00000,0x00000000ef580000)
 ParOldGen       total 39424K, used 15480K [0x00000000c0000000, 0x00000000c2680000, 0x00000000eaa80000)
  object space 39424K, 39% used [0x00000000c0000000,0x00000000c0f1e270,0x00000000c2680000)
 PSPermGen       total 21504K, used 5399K [0x00000000bae00000, 0x00000000bc300000, 0x00000000c0000000)
  object space 21504K, 25% used [0x00000000bae00000,0x00000000bb345f18,0x00000000bc300000)
}
Event: 11,787 GC heap before
{Heap before GC invocations=6 (full 0):
 PSYoungGen      total 33792K, used 33784K [0x00000000eaa80000, 0x00000000ef580000, 0x0000000100000000)
  eden space 31744K, 100% used [0x00000000eaa80000,0x00000000ec980000,0x00000000ec980000)
  from space 2048K, 99% used [0x00000000ec980000,0x00000000ecb7e178,0x00000000ecb80000)
  to   space 6656K, 0% used [0x00000000eef00000,0x00000000eef00000,0x00000000ef580000)
 ParOldGen       total 39424K, used 15480K [0x00000000c0000000, 0x00000000c2680000, 0x00000000eaa80000)
  object space 39424K, 39% used [0x00000000c0000000,0x00000000c0f1e270,0x00000000c2680000)
 PSPermGen       total 21504K, used 5422K [0x00000000bae00000, 0x00000000bc300000, 0x00000000c0000000)
  object space 21504K, 25% used [0x00000000bae00000,0x00000000bb34bb40,0x00000000bc300000)
Event: 11,865 GC heap after
Heap after GC invocations=6 (full 0):
 PSYoungGen      total 68608K, used 6648K [0x00000000eaa80000, 0x00000000ef880000, 0x0000000100000000)
  eden space 61952K, 0% used [0x00000000eaa80000,0x00000000eaa80000,0x00000000ee700000)
  from space 6656K, 99% used [0x00000000eef00000,0x00000000ef57e188,0x00000000ef580000)
  to   space 8192K, 0% used [0x00000000ee700000,0x00000000ee700000,0x00000000eef00000)
 ParOldGen       total 39424K, used 16796K [0x00000000c0000000, 0x00000000c2680000, 0x00000000eaa80000)
  object space 39424K, 42% used [0x00000000c0000000,0x00000000c1067268,0x00000000c2680000)
 PSPermGen       total 21504K, used 5422K [0x00000000bae00000, 0x00000000bc300000, 0x00000000c0000000)
  object space 21504K, 25% used [0x00000000bae00000,0x00000000bb34bb40,0x00000000bc300000)
}
Event: 14,720 GC heap before
{Heap before GC invocations=7 (full 0):
 PSYoungGen      total 68608K, used 68600K [0x00000000eaa80000, 0x00000000ef880000, 0x0000000100000000)
  eden space 61952K, 100% used [0x00000000eaa80000,0x00000000ee700000,0x00000000ee700000)
  from space 6656K, 99% used [0x00000000eef00000,0x00000000ef57e188,0x00000000ef580000)
  to   space 8192K, 0% used [0x00000000ee700000,0x00000000ee700000,0x00000000eef00000)
 ParOldGen       total 39424K, used 16796K [0x00000000c0000000, 0x00000000c2680000, 0x00000000eaa80000)
  object space 39424K, 42% used [0x00000000c0000000,0x00000000c1067268,0x00000000c2680000)
 PSPermGen       total 21504K, used 5453K [0x00000000bae00000, 0x00000000bc300000, 0x00000000c0000000)
  object space 21504K, 25% used [0x00000000bae00000,0x00000000bb353760,0x00000000bc300000)

Deoptimization events (10 events):
Event: 12,757 Thread 0x00007f7c0800a000 Uncommon trap: reason=bimorphic action=maybe_recompile pc=0x00007f7c051edc54 method=com.android.dx.ssa.SCCP.setLatticeValueTo(IILcom/android/dx/rop/cst/Constant;)Z @ 43
Event: 12,757 Thread 0x00007f7c0800a000 Uncommon trap: reason=bimorphic action=maybe_recompile pc=0x00007f7c051edc54 method=com.android.dx.ssa.SCCP.setLatticeValueTo(IILcom/android/dx/rop/cst/Constant;)Z @ 43
Event: 12,779 Thread 0x00007f7c0800a000 Uncommon trap: reason=bimorphic action=maybe_recompile pc=0x00007f7c051edc54 method=com.android.dx.ssa.SCCP.setLatticeValueTo(IILcom/android/dx/rop/cst/Constant;)Z @ 43
Event: 12,792 Thread 0x00007f7c0800a000 Uncommon trap: reason=bimorphic action=maybe_recompile pc=0x00007f7c051edc54 method=com.android.dx.ssa.SCCP.setLatticeValueTo(IILcom/android/dx/rop/cst/Constant;)Z @ 43
Event: 12,875 Thread 0x00007f7c0800a000 Uncommon trap: reason=unreached action=reinterpret pc=0x00007f7c050bddc8 method=com.android.dx.ssa.LocalVariableExtractor.processBlock(I)V @ 251
Event: 12,928 Thread 0x00007f7c0800a000 Uncommon trap: reason=unreached action=reinterpret pc=0x00007f7c050de314 method=com.android.dx.rop.code.LocalItem.compareHandlesNulls(Lcom/android/dx/rop/cst/CstString;Lcom/android/dx/rop/cst/CstString;)I @ 14
Event: 12,929 Thread 0x00007f7c0800a000 Uncommon trap: reason=unreached action=reinterpret pc=0x00007f7c051cde40 method=com.android.dx.rop.code.LocalItem.compareHandlesNulls(Lcom/android/dx/rop/cst/CstString;Lcom/android/dx/rop/cst/CstString;)I @ 14
Event: 12,929 Thread 0x00007f7c0800a000 Uncommon trap: reason=unreached action=reinterpret pc=0x00007f7c0514be70 method=com.android.dx.rop.code.LocalItem.compareHandlesNulls(Lcom/android/dx/rop/cst/CstString;Lcom/android/dx/rop/cst/CstString;)I @ 14
Event: 14,154 Thread 0x00007f7c0800a000 Uncommon trap: reason=null_check action=make_not_entrant pc=0x00007f7c052107ac method=com.android.dx.dex.file.FieldIdsSection.intern(Lcom/android/dx/rop/cst/CstFieldRef;)Lcom/android/dx/dex/file/FieldIdItem; @ 26
Event: 14,488 Thread 0x00007f7c0800a000 Uncommon trap: reason=class_check action=maybe_recompile pc=0x00007f7c0515b058 method=com.android.dx.ssa.PhiTypeResolver.run()V @ 151

Internal exceptions (10 events):
Event: 4,872 Thread 0x00007f7c0800a000 Threw 0x00000000eb8bd620 at /HUDSON/workspace/7u-2-build-linux-amd64/jdk7u60/1081/hotspot/src/share/vm/prims/jvm.cpp:1244
Event: 4,919 Thread 0x00007f7c0800a000 Threw 0x00000000eb929ca8 at /HUDSON/workspace/7u-2-build-linux-amd64/jdk7u60/1081/hotspot/src/share/vm/prims/jvm.cpp:1244
Event: 5,997 Thread 0x00007f7c0800a000 Implicit null exception at 0x00007f7c050b78c4 to 0x00007f7c050b8941
Event: 6,787 Thread 0x00007f7c0800a000 Implicit null exception at 0x00007f7c050e6253 to 0x00007f7c050e697d
Event: 6,978 Thread 0x00007f7c0800a000 Implicit null exception at 0x00007f7c050c5712 to 0x00007f7c050c57b2
Event: 7,844 Thread 0x00007f7c0800a000 Threw 0x00000000eb675cc0 at /HUDSON/workspace/7u-2-build-linux-amd64/jdk7u60/1081/hotspot/src/share/vm/prims/jvm.cpp:1244
Event: 9,398 Thread 0x00007f7c0800a000 Threw 0x00000000ebfcaee0 at /HUDSON/workspace/7u-2-build-linux-amd64/jdk7u60/1081/hotspot/src/share/vm/prims/jvm.cpp:1244
Event: 12,928 Thread 0x00007f7c0800a000 Implicit null exception at 0x00007f7c050de158 to 0x00007f7c050de2f1
Event: 12,929 Thread 0x00007f7c0800a000 Implicit null exception at 0x00007f7c051cdce0 to 0x00007f7c051cde2d
Event: 12,929 Thread 0x00007f7c0800a000 Implicit null exception at 0x00007f7c0514bd2c to 0x00007f7c0514be5d

Events (10 events):
Event: 12,929 Thread 0x00007f7c0800a000 DEOPT PACKING pc=0x00007f7c0514be70 sp=0x00007f7c110a6c90
Event: 12,929 Thread 0x00007f7c0800a000 DEOPT UNPACKING pc=0x00007f7c05039045 sp=0x00007f7c110a6c00 mode 2
Event: 14,154 Thread 0x00007f7c0800a000 Uncommon trap: trap_request=0xfffffff4 fr.pc=0x00007f7c052107ac
Event: 14,154 Thread 0x00007f7c0800a000 DEOPT PACKING pc=0x00007f7c052107ac sp=0x00007f7c110a7240
Event: 14,154 Thread 0x00007f7c0800a000 DEOPT UNPACKING pc=0x00007f7c05039045 sp=0x00007f7c110a7190 mode 2
Event: 14,370 Thread 0x00007f7c08115000 flushing nmethod 0x00007f7c050d3110
Event: 14,488 Thread 0x00007f7c0800a000 Uncommon trap: trap_request=0xffffffde fr.pc=0x00007f7c0515b058
Event: 14,488 Thread 0x00007f7c0800a000 DEOPT PACKING pc=0x00007f7c0515b058 sp=0x00007f7c110a6f00
Event: 14,488 Thread 0x00007f7c0800a000 DEOPT UNPACKING pc=0x00007f7c05039045 sp=0x00007f7c110a6e98 mode 2
Event: 14,720 Executing VM operation: ParallelGCFailedAllocation


Dynamic libraries:
00400000-00401000 r-xp 00000000 08:12 936672                             /usr/lib/jvm/java-7-oracle/jre/bin/java
00600000-00601000 rw-p 00000000 08:12 936672                             /usr/lib/jvm/java-7-oracle/jre/bin/java
00f8b000-00fac000 rw-p 00000000 00:00 0                                  [heap]
bae00000-bc300000 rw-p 00000000 00:00 0 
bc300000-c0000000 rw-p 00000000 00:00 0 
c0000000-c2680000 rw-p 00000000 00:00 0 
c2680000-eaa80000 rw-p 00000000 00:00 0 
eaa80000-ef880000 rw-p 00000000 00:00 0 
f3e80000-100000000 rw-p 00000000 00:00 0 
7f7bd4000000-7f7bd4021000 rw-p 00000000 00:00 0 
7f7bd4021000-7f7bd8000000 ---p 00000000 00:00 0 
7f7bdc000000-7f7bdcd22000 rw-p 00000000 00:00 0 
7f7bdcd22000-7f7be0000000 ---p 00000000 00:00 0 
7f7be0000000-7f7be0021000 rw-p 00000000 00:00 0 
7f7be0021000-7f7be4000000 ---p 00000000 00:00 0 
7f7be4000000-7f7be4021000 rw-p 00000000 00:00 0 
7f7be4021000-7f7be8000000 ---p 00000000 00:00 0 
7f7be8000000-7f7be8b6b000 rw-p 00000000 00:00 0 
7f7be8b6b000-7f7bec000000 ---p 00000000 00:00 0 
7f7bec000000-7f7bec021000 rw-p 00000000 00:00 0 
7f7bec021000-7f7bf0000000 ---p 00000000 00:00 0 
7f7bf0000000-7f7bf0021000 rw-p 00000000 00:00 0 
7f7bf0021000-7f7bf4000000 ---p 00000000 00:00 0 
7f7bf4000000-7f7bf4021000 rw-p 00000000 00:00 0 
7f7bf4021000-7f7bf8000000 ---p 00000000 00:00 0 
7f7bf8000000-7f7bf80e2000 rw-p 00000000 00:00 0 
7f7bf80e2000-7f7bfc000000 ---p 00000000 00:00 0 
7f7bfc000000-7f7bfc021000 rw-p 00000000 00:00 0 
7f7bfc021000-7f7c00000000 ---p 00000000 00:00 0 
7f7c022d7000-7f7c02443000 rw-p 00000000 00:00 0 
7f7c02443000-7f7c02459000 r-xp 00000000 08:12 1061932                    /usr/lib/jvm/java-7-oracle/jre/lib/amd64/libnet.so
7f7c02459000-7f7c02659000 ---p 00016000 08:12 1061932                    /usr/lib/jvm/java-7-oracle/jre/lib/amd64/libnet.so
7f7c02659000-7f7c0265a000 rw-p 00016000 08:12 1061932                    /usr/lib/jvm/java-7-oracle/jre/lib/amd64/libnet.so
7f7c0265a000-7f7c0266a000 r-xp 00000000 08:12 1061933                    /usr/lib/jvm/java-7-oracle/jre/lib/amd64/libnio.so
7f7c0266a000-7f7c0286a000 ---p 00010000 08:12 1061933                    /usr/lib/jvm/java-7-oracle/jre/lib/amd64/libnio.so
7f7c0286a000-7f7c0286b000 rw-p 00010000 08:12 1061933                    /usr/lib/jvm/java-7-oracle/jre/lib/amd64/libnio.so
7f7c0286b000-7f7c0286c000 ---p 00000000 00:00 0 
7f7c0286c000-7f7c0296c000 rw-p 00000000 00:00 0                          [stack:10725]
7f7c0296c000-7f7c0296f000 ---p 00000000 00:00 0 
7f7c0296f000-7f7c02a6d000 rw-p 00000000 00:00 0                          [stack:10724]
7f7c02a6d000-7f7c02a70000 ---p 00000000 00:00 0 
7f7c02a70000-7f7c02b6e000 rw-p 00000000 00:00 0                          [stack:10723]
7f7c02b6e000-7f7c02b71000 ---p 00000000 00:00 0 
7f7c02b71000-7f7c02c6f000 rw-p 00000000 00:00 0                          [stack:10722]
7f7c02c6f000-7f7c02c72000 ---p 00000000 00:00 0 
7f7c02c72000-7f7c05000000 rw-p 00000000 00:00 0                          [stack:10721]
7f7c05000000-7f7c05270000 rwxp 00000000 00:00 0 
7f7c05270000-7f7c0824d000 rw-p 00000000 00:00 0 
7f7c0824d000-7f7c0c000000 ---p 00000000 00:00 0 
7f7c0c0d0000-7f7c0c0de000 r--s 000b1000 08:16 1057878                    /home/hiv/.gradle/caches/modules-2/files-2.1/org.codehaus.jackson/jackson-mapper-asl/1.9.13/1ee2f2bed0e5dd29d1cb155a166e6f8d50bbddb7/jackson-mapper-asl-1.9.13.jar
7f7c0c0de000-7f7c0cbdd000 r--p 00000000 08:12 922351                     /usr/lib/locale/locale-archive
7f7c0cbdd000-7f7c0cbe0000 ---p 00000000 00:00 0 
7f7c0cbe0000-7f7c0ccde000 rw-p 00000000 00:00 0                          [stack:10720]
7f7c0ccde000-7f7c0cce1000 ---p 00000000 00:00 0 
7f7c0cce1000-7f7c0cddf000 rw-p 00000000 00:00 0                          [stack:10719]
7f7c0cddf000-7f7c0cde0000 ---p 00000000 00:00 0 
7f7c0cde0000-7f7c0d834000 rw-p 00000000 00:00 0                          [stack:10718]
7f7c0d834000-7f7c0d9f3000 r--s 039e2000 08:12 936729                     /usr/lib/jvm/java-7-oracle/jre/lib/rt.jar
7f7c0d9f3000-7f7c0dced000 rw-p 00000000 00:00 0 
7f7c0dced000-7f7c0dcee000 ---p 00000000 00:00 0 
7f7c0dcee000-7f7c0ddee000 rw-p 00000000 00:00 0                          [stack:10717]
7f7c0ddee000-7f7c0ddef000 ---p 00000000 00:00 0 
7f7c0ddef000-7f7c0defa000 rw-p 00000000 00:00 0                          [stack:10716]
7f7c0defa000-7f7c0df18000 rw-p 00000000 00:00 0 
7f7c0df18000-7f7c0df2c000 rw-p 00000000 00:00 0 
7f7c0df2c000-7f7c0e06e000 rw-p 00000000 00:00 0 
7f7c0e06e000-7f7c0e079000 rw-p 00000000 00:00 0 
7f7c0e079000-7f7c0e097000 rw-p 00000000 00:00 0 
7f7c0e097000-7f7c0e0ab000 rw-p 00000000 00:00 0 
7f7c0e0ab000-7f7c0e1ec000 rw-p 00000000 00:00 0 
7f7c0e1ec000-7f7c0e214000 rw-p 00000000 00:00 0 
7f7c0e214000-7f7c0e297000 rw-p 00000000 00:00 0 
7f7c0e297000-7f7c0e298000 rw-p 00000000 00:00 0 
7f7c0e298000-7f7c0e2b2000 r-xp 00000000 08:12 1061951                    /usr/lib/jvm/java-7-oracle/jre/lib/amd64/libzip.so
7f7c0e2b2000-7f7c0e4b2000 ---p 0001a000 08:12 1061951                    /usr/lib/jvm/java-7-oracle/jre/lib/amd64/libzip.so
7f7c0e4b2000-7f7c0e4b3000 rw-p 0001a000 08:12 1061951                    /usr/lib/jvm/java-7-oracle/jre/lib/amd64/libzip.so
7f7c0e4b3000-7f7c0e4be000 r-xp 00000000 08:12 1315067                    /lib/x86_64-linux-gnu/libnss_files-2.19.so
7f7c0e4be000-7f7c0e6bd000 ---p 0000b000 08:12 1315067                    /lib/x86_64-linux-gnu/libnss_files-2.19.so
7f7c0e6bd000-7f7c0e6be000 r--p 0000a000 08:12 1315067                    /lib/x86_64-linux-gnu/libnss_files-2.19.so
7f7c0e6be000-7f7c0e6bf000 rw-p 0000b000 08:12 1315067                    /lib/x86_64-linux-gnu/libnss_files-2.19.so
7f7c0e6bf000-7f7c0e6ca000 r-xp 00000000 08:12 1315077                    /lib/x86_64-linux-gnu/libnss_nis-2.19.so
7f7c0e6ca000-7f7c0e8c9000 ---p 0000b000 08:12 1315077                    /lib/x86_64-linux-gnu/libnss_nis-2.19.so
7f7c0e8c9000-7f7c0e8ca000 r--p 0000a000 08:12 1315077                    /lib/x86_64-linux-gnu/libnss_nis-2.19.so
7f7c0e8ca000-7f7c0e8cb000 rw-p 0000b000 08:12 1315077                    /lib/x86_64-linux-gnu/libnss_nis-2.19.so
7f7c0e8cb000-7f7c0e8e2000 r-xp 00000000 08:12 1315061                    /lib/x86_64-linux-gnu/libnsl-2.19.so
7f7c0e8e2000-7f7c0eae1000 ---p 00017000 08:12 1315061                    /lib/x86_64-linux-gnu/libnsl-2.19.so
7f7c0eae1000-7f7c0eae2000 r--p 00016000 08:12 1315061                    /lib/x86_64-linux-gnu/libnsl-2.19.so
7f7c0eae2000-7f7c0eae3000 rw-p 00017000 08:12 1315061                    /lib/x86_64-linux-gnu/libnsl-2.19.so
7f7c0eae3000-7f7c0eae5000 rw-p 00000000 00:00 0 
7f7c0eae5000-7f7c0eaee000 r-xp 00000000 08:12 1315063                    /lib/x86_64-linux-gnu/libnss_compat-2.19.so
7f7c0eaee000-7f7c0eced000 ---p 00009000 08:12 1315063                    /lib/x86_64-linux-gnu/libnss_compat-2.19.so
7f7c0eced000-7f7c0ecee000 r--p 00008000 08:12 1315063                    /lib/x86_64-linux-gnu/libnss_compat-2.19.so
7f7c0ecee000-7f7c0ecef000 rw-p 00009000 08:12 1315063                    /lib/x86_64-linux-gnu/libnss_compat-2.19.so
7f7c0ecef000-7f7c0ed18000 r-xp 00000000 08:12 1061940                    /usr/lib/jvm/java-7-oracle/jre/lib/amd64/libjava.so
7f7c0ed18000-7f7c0ef18000 ---p 00029000 08:12 1061940                    /usr/lib/jvm/java-7-oracle/jre/lib/amd64/libjava.so
7f7c0ef18000-7f7c0ef1a000 rw-p 00029000 08:12 1061940                    /usr/lib/jvm/java-7-oracle/jre/lib/amd64/libjava.so
7f7c0ef1a000-7f7c0ef27000 r-xp 00000000 08:12 1061937                    /usr/lib/jvm/java-7-oracle/jre/lib/amd64/libverify.so
7f7c0ef27000-7f7c0f126000 ---p 0000d000 08:12 1061937                    /usr/lib/jvm/java-7-oracle/jre/lib/amd64/libverify.so
7f7c0f126000-7f7c0f128000 rw-p 0000c000 08:12 1061937                    /usr/lib/jvm/java-7-oracle/jre/lib/amd64/libverify.so
7f7c0f128000-7f7c0f12f000 r-xp 00000000 08:12 1315120                    /lib/x86_64-linux-gnu/librt-2.19.so
7f7c0f12f000-7f7c0f32e000 ---p 00007000 08:12 1315120                    /lib/x86_64-linux-gnu/librt-2.19.so
7f7c0f32e000-7f7c0f32f000 r--p 00006000 08:12 1315120                    /lib/x86_64-linux-gnu/librt-2.19.so
7f7c0f32f000-7f7c0f330000 rw-p 00007000 08:12 1315120                    /lib/x86_64-linux-gnu/librt-2.19.so
7f7c0f330000-7f7c0f435000 r-xp 00000000 08:12 1315042                    /lib/x86_64-linux-gnu/libm-2.19.so
7f7c0f435000-7f7c0f634000 ---p 00105000 08:12 1315042                    /lib/x86_64-linux-gnu/libm-2.19.so
7f7c0f634000-7f7c0f635000 r--p 00104000 08:12 1315042                    /lib/x86_64-linux-gnu/libm-2.19.so
7f7c0f635000-7f7c0f636000 rw-p 00105000 08:12 1315042                    /lib/x86_64-linux-gnu/libm-2.19.so
7f7c0f636000-7f7c101a6000 r-xp 00000000 08:12 1312447                    /usr/lib/jvm/java-7-oracle/jre/lib/amd64/server/libjvm.so
7f7c101a6000-7f7c103a5000 ---p 00b70000 08:12 1312447                    /usr/lib/jvm/java-7-oracle/jre/lib/amd64/server/libjvm.so
7f7c103a5000-7f7c10469000 rw-p 00b6f000 08:12 1312447                    /usr/lib/jvm/java-7-oracle/jre/lib/amd64/server/libjvm.so
7f7c10469000-7f7c104aa000 rw-p 00000000 00:00 0 
7f7c104aa000-7f7c10666000 r-xp 00000000 08:12 1314992                    /lib/x86_64-linux-gnu/libc-2.19.so
7f7c10666000-7f7c10865000 ---p 001bc000 08:12 1314992                    /lib/x86_64-linux-gnu/libc-2.19.so
7f7c10865000-7f7c10869000 r--p 001bb000 08:12 1314992                    /lib/x86_64-linux-gnu/libc-2.19.so
7f7c10869000-7f7c1086b000 rw-p 001bf000 08:12 1314992                    /lib/x86_64-linux-gnu/libc-2.19.so
7f7c1086b000-7f7c10870000 rw-p 00000000 00:00 0 
7f7c10870000-7f7c10873000 r-xp 00000000 08:12 1315009                    /lib/x86_64-linux-gnu/libdl-2.19.so
7f7c10873000-7f7c10a72000 ---p 00003000 08:12 1315009                    /lib/x86_64-linux-gnu/libdl-2.19.so
7f7c10a72000-7f7c10a73000 r--p 00002000 08:12 1315009                    /lib/x86_64-linux-gnu/libdl-2.19.so
7f7c10a73000-7f7c10a74000 rw-p 00003000 08:12 1315009                    /lib/x86_64-linux-gnu/libdl-2.19.so
7f7c10a74000-7f7c10a8a000 r-xp 00000000 08:12 1312451                    /usr/lib/jvm/java-7-oracle/jre/lib/amd64/jli/libjli.so
7f7c10a8a000-7f7c10c8a000 ---p 00016000 08:12 1312451                    /usr/lib/jvm/java-7-oracle/jre/lib/amd64/jli/libjli.so
7f7c10c8a000-7f7c10c8b000 rw-p 00016000 08:12 1312451                    /usr/lib/jvm/java-7-oracle/jre/lib/amd64/jli/libjli.so
7f7c10c8b000-7f7c10ca4000 r-xp 00000000 08:12 1315112                    /lib/x86_64-linux-gnu/libpthread-2.19.so
7f7c10ca4000-7f7c10ea3000 ---p 00019000 08:12 1315112                    /lib/x86_64-linux-gnu/libpthread-2.19.so
7f7c10ea3000-7f7c10ea4000 r--p 00018000 08:12 1315112                    /lib/x86_64-linux-gnu/libpthread-2.19.so
7f7c10ea4000-7f7c10ea5000 rw-p 00019000 08:12 1315112                    /lib/x86_64-linux-gnu/libpthread-2.19.so
7f7c10ea5000-7f7c10ea9000 rw-p 00000000 00:00 0 
7f7c10ea9000-7f7c10ecc000 r-xp 00000000 08:12 1314968                    /lib/x86_64-linux-gnu/ld-2.19.so
7f7c10ed2000-7f7c10ef2000 rw-p 00000000 00:00 0 
7f7c10ef2000-7f7c10fa8000 rw-p 00000000 00:00 0 
7f7c10fa8000-7f7c10fab000 ---p 00000000 00:00 0 
7f7c10fab000-7f7c110ad000 rw-p 00000000 00:00 0                          [stack:10715]
7f7c110af000-7f7c110b0000 rw-p 00000000 00:00 0 
7f7c110b0000-7f7c110b1000 r--p 00000000 08:12 1192172                    /usr/share/locale-langpack/en_GB/LC_MESSAGES/libc.mo
7f7c110b1000-7f7c110bf000 r--s 000cf000 08:16 3407902                    /home/hiv/SDK/android-sdk-linux/build-tools/19.1.0/lib/dx.jar
7f7c110bf000-7f7c110c7000 rw-s 00000000 08:12 430120                     /tmp/hsperfdata_hiv/10707
7f7c110c7000-7f7c110c8000 rw-p 00000000 00:00 0 
7f7c110c8000-7f7c110c9000 ---p 00000000 00:00 0 
7f7c110c9000-7f7c110cb000 rw-p 00000000 00:00 0 
7f7c110cb000-7f7c110cc000 r--p 00022000 08:12 1314968                    /lib/x86_64-linux-gnu/ld-2.19.so
7f7c110cc000-7f7c110cd000 rw-p 00023000 08:12 1314968                    /lib/x86_64-linux-gnu/ld-2.19.so
7f7c110cd000-7f7c110ce000 rw-p 00000000 00:00 0 
7fff85ef6000-7fff85f17000 rw-p 00000000 00:00 0                          [stack]
7fff85ffe000-7fff86000000 r-xp 00000000 00:00 0                          [vdso]
ffffffffff600000-ffffffffff601000 r-xp 00000000 00:00 0                  [vsyscall]

VM Arguments:
jvm_args: -Xmx1024M 
java_command: /home/hiv/SDK/android-sdk-linux/build-tools/19.1.0/lib/dx.jar --dex --output /home/hiv/dev/gradle/Cthulhator/cthulhator/build/intermediates/pre-dexed/debug/jackson-mapper-asl-1.9.13-3aad90c7c753b98e5aaa5c124e671fa3c2a158f1.jar /home/hiv/.gradle/caches/modules-2/files-2.1/org.codehaus.jackson/jackson-mapper-asl/1.9.13/1ee2f2bed0e5dd29d1cb155a166e6f8d50bbddb7/jackson-mapper-asl-1.9.13.jar
Launcher Type: SUN_STANDARD

Environment Variables:
PATH=/usr/lib/lightdm/lightdm:/usr/local/sbin:/usr/local/bin:/usr/sbin:/home/hiv/bin:/usr/bin:/sbin:/bin:/usr/games:/home/hiv/SDK/android-sdk-linux/platform-tools/:/home/hiv/SDK/android-sdk-linux/tools:/home/hiv/.manymo/bin
SHELL=/bin/zsh
DISPLAY=:0

Signal Handlers:
SIGSEGV: [libjvm.so+0x99f0f0], sa_mask[0]=0x7ffbfeff, sa_flags=0x10000004
SIGBUS: [libjvm.so+0x99f0f0], sa_mask[0]=0x7ffbfeff, sa_flags=0x10000004
SIGFPE: [libjvm.so+0x81a6d0], sa_mask[0]=0x7ffbfeff, sa_flags=0x10000004
SIGPIPE: [libjvm.so+0x81a6d0], sa_mask[0]=0x7ffbfeff, sa_flags=0x10000004
SIGXFSZ: [libjvm.so+0x81a6d0], sa_mask[0]=0x7ffbfeff, sa_flags=0x10000004
SIGILL: [libjvm.so+0x81a6d0], sa_mask[0]=0x7ffbfeff, sa_flags=0x10000004
SIGUSR1: SIG_DFL, sa_mask[0]=0x00000000, sa_flags=0x00000000
SIGUSR2: [libjvm.so+0x81bed0], sa_mask[0]=0x00000004, sa_flags=0x10000004
SIGHUP: [libjvm.so+0x81cfd0], sa_mask[0]=0x7ffbfeff, sa_flags=0x10000004
SIGINT: [libjvm.so+0x81cfd0], sa_mask[0]=0x7ffbfeff, sa_flags=0x10000004
SIGTERM: [libjvm.so+0x81cfd0], sa_mask[0]=0x7ffbfeff, sa_flags=0x10000004
SIGQUIT: [libjvm.so+0x81cfd0], sa_mask[0]=0x7ffbfeff, sa_flags=0x10000004


---------------  S Y S T E M  ---------------

OS:jessie/sid

uname:Linux 3.13.0-30-generic #55-Ubuntu SMP Fri Jul 4 21:40:53 UTC 2014 x86_64
libc:glibc 2.19 NPTL 2.19 
rlimit: STACK 8192k, CORE 0k, NPROC 28924, NOFILE 4096, AS infinity
load average:7,71 6,51 3,77

/proc/meminfo:
MemTotal:        3789924 kB
MemFree:          108308 kB
Buffers:             236 kB
Cached:            37012 kB
SwapCached:        18124 kB
Active:          2659748 kB
Inactive:         823928 kB
Active(anon):    2656136 kB
Inactive(anon):   820232 kB
Active(file):       3612 kB
Inactive(file):     3696 kB
Unevictable:          32 kB
Mlocked:              32 kB
SwapTotal:        975868 kB
SwapFree:              0 kB
Dirty:               488 kB
Writeback:             0 kB
AnonPages:       3428600 kB
Mapped:            11248 kB
Shmem:             29692 kB
Slab:              75592 kB
SReclaimable:      40260 kB
SUnreclaim:        35332 kB
KernelStack:        5448 kB
PageTables:        55016 kB
NFS_Unstable:          0 kB
Bounce:                0 kB
WritebackTmp:          0 kB
CommitLimit:     2870828 kB
Committed_AS:    8659280 kB
VmallocTotal:   34359738367 kB
VmallocUsed:      287592 kB
VmallocChunk:   34359443560 kB
HardwareCorrupted:     0 kB
AnonHugePages:    829440 kB
HugePages_Total:       0
HugePages_Free:        0
HugePages_Rsvd:        0
HugePages_Surp:        0
Hugepagesize:       2048 kB
DirectMap4k:       71360 kB
DirectMap2M:     3860480 kB


CPU:total 2 (2 cores per cpu, 1 threads per core) family 15 model 107 stepping 2, cmov, cx8, fxsr, mmx, sse, sse2, sse3, mmxext, 3dnowpref, tsc

/proc/cpuinfo:
processor	: 0
vendor_id	: AuthenticAMD
cpu family	: 15
model		: 107
model name	: AMD Athlon(tm) 64 X2 Dual Core Processor 5000+
stepping	: 2
cpu MHz		: 2600.000
cache size	: 512 KB
physical id	: 0
siblings	: 2
core id		: 0
cpu cores	: 2
apicid		: 0
initial apicid	: 0
fpu		: yes
fpu_exception	: yes
cpuid level	: 1
wp		: yes
flags		: fpu vme de pse tsc msr pae mce cx8 apic sep mtrr pge mca cmov pat pse36 clflush mmx fxsr sse sse2 ht syscall nx mmxext fxsr_opt rdtscp lm 3dnowext 3dnow rep_good nopl extd_apicid pni cx16 lahf_lm cmp_legacy svm extapic cr8_legacy 3dnowprefetch lbrv
bogomips	: 5199.79
TLB size	: 1024 4K pages
clflush size	: 64
cache_alignment	: 64
address sizes	: 40 bits physical, 48 bits virtual
power management: ts fid vid ttp tm stc 100mhzsteps

processor	: 1
vendor_id	: AuthenticAMD
cpu family	: 15
model		: 107
model name	: AMD Athlon(tm) 64 X2 Dual Core Processor 5000+
stepping	: 2
cpu MHz		: 2600.000
cache size	: 512 KB
physical id	: 0
siblings	: 2
core id		: 1
cpu cores	: 2
apicid		: 1
initial apicid	: 1
fpu		: yes
fpu_exception	: yes
cpuid level	: 1
wp		: yes
flags		: fpu vme de pse tsc msr pae mce cx8 apic sep mtrr pge mca cmov pat pse36 clflush mmx fxsr sse sse2 ht syscall nx mmxext fxsr_opt rdtscp lm 3dnowext 3dnow rep_good nopl extd_apicid pni cx16 lahf_lm cmp_legacy svm extapic cr8_legacy 3dnowprefetch lbrv
bogomips	: 5199.79
TLB size	: 1024 4K pages
clflush size	: 64
cache_alignment	: 64
address sizes	: 40 bits physical, 48 bits virtual
power management: ts fid vid ttp tm stc 100mhzsteps



Memory: 4k page, physical 3789924k(108608k free), swap 975868k(0k free)

vm_info: Java HotSpot(TM) 64-Bit Server VM (24.60-b09) for linux-amd64 JRE (1.7.0_60-b19), built on May  7 2014 13:18:30 by "java_re" with gcc 4.3.0 20080428 (Red Hat 4.3.0-8)

time: Sat Jul 19 12:24:56 2014
elapsed time: 14 seconds

